Line 473: Class WMPLibCtl.WindowsMediaPlayer of control WindowsMediaPlayer1 was not a loaded control class.
Line 480: The property name URL in WindowsMediaPlayer1 is invalid.
Line 481: The property name rate in WindowsMediaPlayer1 is invalid.
Line 482: The property name balance in WindowsMediaPlayer1 is invalid.
Line 483: The property name currentPosition in WindowsMediaPlayer1 is invalid.
Line 484: The property name defaultFrame in WindowsMediaPlayer1 is invalid.
Line 485: The property name playCount in WindowsMediaPlayer1 is invalid.
Line 486: The property name autoStart in WindowsMediaPlayer1 is invalid.
Line 487: The property name currentMarker in WindowsMediaPlayer1 is invalid.
Line 488: The property name invokeURLs in WindowsMediaPlayer1 is invalid.
Line 489: The property name baseURL in WindowsMediaPlayer1 is invalid.
Line 490: The property name volume in WindowsMediaPlayer1 is invalid.
Line 491: The property name mute in WindowsMediaPlayer1 is invalid.
Line 492: The property name uiMode in WindowsMediaPlayer1 is invalid.
Line 493: The property name stretchToFit in WindowsMediaPlayer1 is invalid.
Line 494: The property name windowlessVideo in WindowsMediaPlayer1 is invalid.
Line 496: The property name enableContextMenu in WindowsMediaPlayer1 is invalid.
Line 497: The property name fullScreen in WindowsMediaPlayer1 is invalid.
Line 498: The property name SAMIStyle in WindowsMediaPlayer1 is invalid.
Line 499: The property name SAMILang in WindowsMediaPlayer1 is invalid.
Line 500: The property name SAMIFilename in WindowsMediaPlayer1 is invalid.
Line 501: The property name captioningID in WindowsMediaPlayer1 is invalid.
Line 502: The property name enableErrorDialogs in WindowsMediaPlayer1 is invalid.
Line 503: The property name _cx in WindowsMediaPlayer1 is invalid.
Line 504: The property name _cy in WindowsMediaPlayer1 is invalid.
