Line 1689: Class WMPLibCtl.WindowsMediaPlayer of control WindowsMediaPlayer1 was not a loaded control class.
Line 1696: The property name URL in WindowsMediaPlayer1 is invalid.
Line 1697: The property name rate in WindowsMediaPlayer1 is invalid.
Line 1698: The property name balance in WindowsMediaPlayer1 is invalid.
Line 1699: The property name currentPosition in WindowsMediaPlayer1 is invalid.
Line 1700: The property name defaultFrame in WindowsMediaPlayer1 is invalid.
Line 1701: The property name playCount in WindowsMediaPlayer1 is invalid.
Line 1702: The property name autoStart in WindowsMediaPlayer1 is invalid.
Line 1703: The property name currentMarker in WindowsMediaPlayer1 is invalid.
Line 1704: The property name invokeURLs in WindowsMediaPlayer1 is invalid.
Line 1705: The property name baseURL in WindowsMediaPlayer1 is invalid.
Line 1706: The property name volume in WindowsMediaPlayer1 is invalid.
Line 1707: The property name mute in WindowsMediaPlayer1 is invalid.
Line 1708: The property name uiMode in WindowsMediaPlayer1 is invalid.
Line 1709: The property name stretchToFit in WindowsMediaPlayer1 is invalid.
Line 1710: The property name windowlessVideo in WindowsMediaPlayer1 is invalid.
Line 1712: The property name enableContextMenu in WindowsMediaPlayer1 is invalid.
Line 1713: The property name fullScreen in WindowsMediaPlayer1 is invalid.
Line 1714: The property name SAMIStyle in WindowsMediaPlayer1 is invalid.
Line 1715: The property name SAMILang in WindowsMediaPlayer1 is invalid.
Line 1716: The property name SAMIFilename in WindowsMediaPlayer1 is invalid.
Line 1717: The property name captioningID in WindowsMediaPlayer1 is invalid.
Line 1718: The property name enableErrorDialogs in WindowsMediaPlayer1 is invalid.
Line 1719: The property name _cx in WindowsMediaPlayer1 is invalid.
Line 1720: The property name _cy in WindowsMediaPlayer1 is invalid.
